<?xml version="1.0" encoding="UTF-8"?>
<testsuite xmlns:xsi="http://www.w3.org/2001/XMLSchema-instance" xsi:noNamespaceSchemaLocation="https://maven.apache.org/surefire/maven-surefire-plugin/xsd/surefire-test-report-3.0.xsd" version="3.0" name="TestSuite" time="29.622" tests="2" errors="0" skipped="0" failures="1">
  <properties>
[...]
</properties>
  <testcase name="actionTest[chrome](1)" classname="com.cn.com.cn.ActionTest01" time="16.443">
    <system-err><![CDATA[Starting ChromeDriver 90.0.4430.24 (4c6d850f087da467d926e8eddb76550aed655991-refs/branch-heads/4430@{#429}) on port 3919
Only local connections are allowed.
Please see https://chromedriver.chromium.org/security-considerations for suggestions on keeping ChromeDriver safe.
ChromeDriver was started successfully.
[1623576727.716][WARNING]: This version of ChromeDriver has not been tested with Chrome version 91.
六月 13, 2021 5:32:09 下午 org.openqa.selenium.remote.ProtocolHandshake createSession
信息: Detected dialect: W3C
六月 13, 2021 5:32:09 下午 auto.test.logger.LoggerControler info
信息: 你打开了chrome浏览器
六月 13, 2021 5:32:12 下午 auto.test.logger.LoggerControler info
信息: 在By.id: kw输入selenium test
六月 13, 2021 5:32:13 下午 auto.test.logger.LoggerControler info
信息: 点击：By.id: su
]]></system-err>
  </testcase>
  <testcase name="actionTest[firefox](2)" classname="com.cn.com.cn.ActionTest01" time="11.21">
    <failure message="java.net.SocketTimeoutException: timeout&#10;Build info: version: &apos;3.9.0&apos;, revision: &apos;698b3178f0&apos;, time: &apos;2018-02-05T14:26:55.441Z&apos;&#10;System info: host: &apos;LAPTOP-7OTNN2LR&apos;, ip: &apos;192.168.0.107&apos;, os.name: &apos;Windows 10&apos;, os.arch: &apos;amd64&apos;, os.version: &apos;10.0&apos;, java.version: &apos;1.8.0_171&apos;&#10;Driver info: driver.version: FirefoxDriver" type="org.openqa.selenium.WebDriverException"><![CDATA[org.openqa.selenium.WebDriverException: 
java.net.SocketTimeoutException: timeout
Build info: version: '3.9.0', revision: '698b3178f0', time: '2018-02-05T14:26:55.441Z'
System info: host: 'LAPTOP-7OTNN2LR', ip: '192.168.0.107', os.name: 'Windows 10', os.arch: 'amd64', os.version: '10.0', java.version: '1.8.0_171'
Driver info: driver.version: FirefoxDriver
	at com.cn.com.cn.ActionTest01.actionTest(ActionTest01.java:24)
Caused by: java.net.SocketTimeoutException: timeout
	at com.cn.com.cn.ActionTest01.actionTest(ActionTest01.java:24)
Caused by: java.net.SocketTimeoutException: Read timed out
	at com.cn.com.cn.ActionTest01.actionTest(ActionTest01.java:24)
]]></failure>
    <system-err><![CDATA[1623576738245	geckodriver	INFO	Listening on 127.0.0.1:5625
1623576738512	mozrunner::runner	INFO	Running command: "C:/Program Files/Mozilla Firefox/firefox.exe" "--marionette" "-foreground" "-no-remote" "-profile" "C:\\Users\\cm\\AppData\\Local\\Temp\\rust_mozprofileoBWBTz"
1623576741785	Marionette	INFO	Marionette enabled
console.warn: SearchSettings: "get: No settings file exists, new profile?" (new NotFoundError("Could not open the file at C:\\Users\\cm\\AppData\\Local\\Temp\\rust_mozprofileoBWBTz\\search.json.mozlz4", (void 0)))
]]></system-err>
  </testcase>
</testsuite>